IOT-Espressif-Android/build/outputs/logs/manifest-merger-debug-report.txt
-- Merging decision tree log ---
manifest
ADDED from WifiConfig\IOT-Espressif-Android\AndroidManifest.xml:2:1-173:12
	package
		ADDED from WifiConfig\IOT-Espressif-Android\AndroidManifest.xml:3:5-32
	android:versionName
		ADDED from WifiConfig\IOT-Espressif-Android\AndroidManifest.xml:5:5-33
		INJECTED from WifiConfig\IOT-Espressif-Android\AndroidManifest.xml
		INJECTED from WifiConfig\IOT-Espressif-Android\AndroidManifest.xml
	android:versionCode
		ADDED from WifiConfig\IOT-Espressif-Android\AndroidManifest.xml:4:5-29
		INJECTED from WifiConfig\IOT-Espressif-Android\AndroidManifest.xml
		INJECTED from WifiConfig\IOT-Espressif-Android\AndroidManifest.xml
	xmlns:android
		ADDED from WifiConfig\IOT-Espressif-Android\AndroidManifest.xml:2:11-69
uses-sdk
ADDED from WifiConfig\IOT-Espressif-Android\AndroidManifest.xml:7:5-9:41
	android:targetSdkVersion
		ADDED from WifiConfig\IOT-Espressif-Android\AndroidManifest.xml:9:9-38
	android:minSdkVersion
		ADDED from WifiConfig\IOT-Espressif-Android\AndroidManifest.xml:8:9-35
		INJECTED from WifiConfig\IOT-Espressif-Android\AndroidManifest.xml
		INJECTED from WifiConfig\IOT-Espressif-Android\AndroidManifest.xml
uses-permission#android.permission.INTERNET
ADDED from WifiConfig\IOT-Espressif-Android\AndroidManifest.xml:11:5-67
	android:name
		ADDED from WifiConfig\IOT-Espressif-Android\AndroidManifest.xml:11:22-64
uses-permission#android.permission.CHANGE_NETWORK_STATE
ADDED from WifiConfig\IOT-Espressif-Android\AndroidManifest.xml:12:5-79
	android:name
		ADDED from WifiConfig\IOT-Espressif-Android\AndroidManifest.xml:12:22-76
uses-permission#android.permission.CHANGE_WIFI_STATE
ADDED from WifiConfig\IOT-Espressif-Android\AndroidManifest.xml:13:5-76
	android:name
		ADDED from WifiConfig\IOT-Espressif-Android\AndroidManifest.xml:13:22-73
uses-permission#android.permission.CHANGE_WIFI_MULTICAST_STATE
ADDED from WifiConfig\IOT-Espressif-Android\AndroidManifest.xml:14:5-86
	android:name
		ADDED from WifiConfig\IOT-Espressif-Android\AndroidManifest.xml:14:22-83
uses-permission#android.permission.ACCESS_NETWORK_STATE
ADDED from WifiConfig\IOT-Espressif-Android\AndroidManifest.xml:15:5-79
	android:name
		ADDED from WifiConfig\IOT-Espressif-Android\AndroidManifest.xml:15:22-76
uses-permission#android.permission.ACCESS_WIFI_STATE
ADDED from WifiConfig\IOT-Espressif-Android\AndroidManifest.xml:16:5-76
	android:name
		ADDED from WifiConfig\IOT-Espressif-Android\AndroidManifest.xml:16:22-73
uses-permission#android.permission.WRITE_EXTERNAL_STORAGE
ADDED from WifiConfig\IOT-Espressif-Android\AndroidManifest.xml:17:5-81
	android:name
		ADDED from WifiConfig\IOT-Espressif-Android\AndroidManifest.xml:17:22-78
uses-permission#android.permission.CAMERA
ADDED from WifiConfig\IOT-Espressif-Android\AndroidManifest.xml:18:5-65
	android:name
		ADDED from WifiConfig\IOT-Espressif-Android\AndroidManifest.xml:18:22-62
uses-permission#android.permission.FLASHLIGHT
ADDED from WifiConfig\IOT-Espressif-Android\AndroidManifest.xml:19:5-69
	android:name
		ADDED from WifiConfig\IOT-Espressif-Android\AndroidManifest.xml:19:22-66
uses-permission#android.permission.VIBRATE
ADDED from WifiConfig\IOT-Espressif-Android\AndroidManifest.xml:20:5-66
	android:name
		ADDED from WifiConfig\IOT-Espressif-Android\AndroidManifest.xml:20:22-63
uses-permission#android.permission.WAKE_LOCK
ADDED from WifiConfig\IOT-Espressif-Android\AndroidManifest.xml:21:5-68
	android:name
		ADDED from WifiConfig\IOT-Espressif-Android\AndroidManifest.xml:21:22-65
uses-feature#android.hardware.camera
ADDED from WifiConfig\IOT-Espressif-Android\AndroidManifest.xml:23:5-60
	android:name
		ADDED from WifiConfig\IOT-Espressif-Android\AndroidManifest.xml:23:19-57
uses-feature#android.hardware.camera.autofocus
ADDED from WifiConfig\IOT-Espressif-Android\AndroidManifest.xml:24:5-70
	android:name
		ADDED from WifiConfig\IOT-Espressif-Android\AndroidManifest.xml:24:19-67
application
ADDED from WifiConfig\IOT-Espressif-Android\AndroidManifest.xml:26:5-171:19
	android:label
		ADDED from WifiConfig\IOT-Espressif-Android\AndroidManifest.xml:30:9-41
	android:allowBackup
		ADDED from WifiConfig\IOT-Espressif-Android\AndroidManifest.xml:28:9-35
	android:icon
		ADDED from WifiConfig\IOT-Espressif-Android\AndroidManifest.xml:29:9-42
	android:theme
		ADDED from WifiConfig\IOT-Espressif-Android\AndroidManifest.xml:31:9-40
	android:name
		ADDED from WifiConfig\IOT-Espressif-Android\AndroidManifest.xml:27:9-73
meta-data#app_key
ADDED from WifiConfig\IOT-Espressif-Android\AndroidManifest.xml:33:9-35:64
	android:value
		ADDED from WifiConfig\IOT-Espressif-Android\AndroidManifest.xml:35:13-61
	android:name
		ADDED from WifiConfig\IOT-Espressif-Android\AndroidManifest.xml:34:13-35
meta-data#pack_id
ADDED from WifiConfig\IOT-Espressif-Android\AndroidManifest.xml:36:9-38:49
	android:value
		ADDED from WifiConfig\IOT-Espressif-Android\AndroidManifest.xml:38:13-46
	android:name
		ADDED from WifiConfig\IOT-Espressif-Android\AndroidManifest.xml:37:13-35
activity#com.espressif.iot.ui.main.WelcomeActivity
ADDED from WifiConfig\IOT-Espressif-Android\AndroidManifest.xml:40:9-50:20
	android:screenOrientation
		ADDED from WifiConfig\IOT-Espressif-Android\AndroidManifest.xml:43:13-49
	android:label
		ADDED from WifiConfig\IOT-Espressif-Android\AndroidManifest.xml:42:13-45
	android:theme
		ADDED from WifiConfig\IOT-Espressif-Android\AndroidManifest.xml:44:13-46
	android:name
		ADDED from WifiConfig\IOT-Espressif-Android\AndroidManifest.xml:41:13-69
intent-filter#android.intent.action.MAIN+android.intent.category.LAUNCHER
ADDED from WifiConfig\IOT-Espressif-Android\AndroidManifest.xml:45:13-49:29
action#android.intent.action.MAIN
ADDED from WifiConfig\IOT-Espressif-Android\AndroidManifest.xml:46:17-69
	android:name
		ADDED from WifiConfig\IOT-Espressif-Android\AndroidManifest.xml:46:25-66
category#android.intent.category.LAUNCHER
ADDED from WifiConfig\IOT-Espressif-Android\AndroidManifest.xml:48:17-77
	android:name
		ADDED from WifiConfig\IOT-Espressif-Android\AndroidManifest.xml:48:27-74
activity#com.espressif.iot.ui.main.EspMainActivity
ADDED from WifiConfig\IOT-Espressif-Android\AndroidManifest.xml:51:9-55:47
	android:screenOrientation
		ADDED from WifiConfig\IOT-Espressif-Android\AndroidManifest.xml:54:13-49
	android:label
		ADDED from WifiConfig\IOT-Espressif-Android\AndroidManifest.xml:53:13-45
	android:theme
		ADDED from WifiConfig\IOT-Espressif-Android\AndroidManifest.xml:55:13-44
	android:name
		ADDED from WifiConfig\IOT-Espressif-Android\AndroidManifest.xml:52:13-69
activity#com.espressif.iot.ui.login.LoginActivity
ADDED from WifiConfig\IOT-Espressif-Android\AndroidManifest.xml:56:9-59:49
	android:screenOrientation
		ADDED from WifiConfig\IOT-Espressif-Android\AndroidManifest.xml:58:13-49
	android:theme
		ADDED from WifiConfig\IOT-Espressif-Android\AndroidManifest.xml:59:13-46
	android:name
		ADDED from WifiConfig\IOT-Espressif-Android\AndroidManifest.xml:57:13-68
activity#com.espressif.iot.ui.register.RegisterActivity
ADDED from WifiConfig\IOT-Espressif-Android\AndroidManifest.xml:60:9-63:49
	android:screenOrientation
		ADDED from WifiConfig\IOT-Espressif-Android\AndroidManifest.xml:62:13-49
	android:theme
		ADDED from WifiConfig\IOT-Espressif-Android\AndroidManifest.xml:63:13-46
	android:name
		ADDED from WifiConfig\IOT-Espressif-Android\AndroidManifest.xml:61:13-74
activity#com.espressif.iot.ui.login.ResetUserPasswordActivity
ADDED from WifiConfig\IOT-Espressif-Android\AndroidManifest.xml:64:9-66:52
	android:screenOrientation
		ADDED from WifiConfig\IOT-Espressif-Android\AndroidManifest.xml:66:13-49
	android:name
		ADDED from WifiConfig\IOT-Espressif-Android\AndroidManifest.xml:65:13-80
activity#com.espressif.iot.ui.group.EspGroupEditActivity
ADDED from WifiConfig\IOT-Espressif-Android\AndroidManifest.xml:67:9-69:52
	android:screenOrientation
		ADDED from WifiConfig\IOT-Espressif-Android\AndroidManifest.xml:69:13-49
	android:name
		ADDED from WifiConfig\IOT-Espressif-Android\AndroidManifest.xml:68:13-75
activity#com.google.zxing.qrcode.ui.ShareCaptureActivity
ADDED from WifiConfig\IOT-Espressif-Android\AndroidManifest.xml:70:9-73:49
	android:screenOrientation
		ADDED from WifiConfig\IOT-Espressif-Android\AndroidManifest.xml:72:13-50
	android:theme
		ADDED from WifiConfig\IOT-Espressif-Android\AndroidManifest.xml:73:13-46
	android:name
		ADDED from WifiConfig\IOT-Espressif-Android\AndroidManifest.xml:71:13-75
activity#com.espressif.iot.ui.settings.SettingsActivity
ADDED from WifiConfig\IOT-Espressif-Android\AndroidManifest.xml:74:9-76:52
	android:screenOrientation
		ADDED from WifiConfig\IOT-Espressif-Android\AndroidManifest.xml:76:13-49
	android:name
		ADDED from WifiConfig\IOT-Espressif-Android\AndroidManifest.xml:75:13-74
activity#com.espressif.iot.ui.configure.DeviceSoftAPConfigureActivity
ADDED from WifiConfig\IOT-Espressif-Android\AndroidManifest.xml:77:9-79:52
	android:screenOrientation
		ADDED from WifiConfig\IOT-Espressif-Android\AndroidManifest.xml:79:13-49
	android:name
		ADDED from WifiConfig\IOT-Espressif-Android\AndroidManifest.xml:78:13-88
activity#com.espressif.iot.ui.configure.WifiConfigureActivity
ADDED from WifiConfig\IOT-Espressif-Android\AndroidManifest.xml:80:9-82:52
	android:screenOrientation
		ADDED from WifiConfig\IOT-Espressif-Android\AndroidManifest.xml:82:13-49
	android:name
		ADDED from WifiConfig\IOT-Espressif-Android\AndroidManifest.xml:81:13-80
activity#com.espressif.iot.ui.device.DevicePlugActivity
ADDED from WifiConfig\IOT-Espressif-Android\AndroidManifest.xml:83:9-85:52
	android:screenOrientation
		ADDED from WifiConfig\IOT-Espressif-Android\AndroidManifest.xml:85:13-49
	android:name
		ADDED from WifiConfig\IOT-Espressif-Android\AndroidManifest.xml:84:13-74
activity#com.espressif.iot.ui.device.light.DeviceLightActivity
ADDED from WifiConfig\IOT-Espressif-Android\AndroidManifest.xml:86:9-89:49
	android:screenOrientation
		ADDED from WifiConfig\IOT-Espressif-Android\AndroidManifest.xml:88:13-49
	android:theme
		ADDED from WifiConfig\IOT-Espressif-Android\AndroidManifest.xml:89:13-46
	android:name
		ADDED from WifiConfig\IOT-Espressif-Android\AndroidManifest.xml:87:13-81
activity#com.espressif.iot.ui.device.DeviceFlammableActivity
ADDED from WifiConfig\IOT-Espressif-Android\AndroidManifest.xml:90:9-93:51
	android:screenOrientation
		ADDED from WifiConfig\IOT-Espressif-Android\AndroidManifest.xml:92:13-49
	android:theme
		ADDED from WifiConfig\IOT-Espressif-Android\AndroidManifest.xml:93:13-48
	android:name
		ADDED from WifiConfig\IOT-Espressif-Android\AndroidManifest.xml:91:13-79
activity#com.espressif.iot.ui.device.DeviceHumitureActivity
ADDED from WifiConfig\IOT-Espressif-Android\AndroidManifest.xml:94:9-97:51
	android:screenOrientation
		ADDED from WifiConfig\IOT-Espressif-Android\AndroidManifest.xml:96:13-49
	android:theme
		ADDED from WifiConfig\IOT-Espressif-Android\AndroidManifest.xml:97:13-48
	android:name
		ADDED from WifiConfig\IOT-Espressif-Android\AndroidManifest.xml:95:13-78
activity#com.espressif.iot.ui.device.DeviceVoltageActivity
ADDED from WifiConfig\IOT-Espressif-Android\AndroidManifest.xml:98:9-101:51
	android:screenOrientation
		ADDED from WifiConfig\IOT-Espressif-Android\AndroidManifest.xml:100:13-49
	android:theme
		ADDED from WifiConfig\IOT-Espressif-Android\AndroidManifest.xml:101:13-48
	android:name
		ADDED from WifiConfig\IOT-Espressif-Android\AndroidManifest.xml:99:13-77
activity#com.espressif.iot.ui.device.DeviceRemoteActivity
ADDED from WifiConfig\IOT-Espressif-Android\AndroidManifest.xml:102:9-104:52
	android:screenOrientation
		ADDED from WifiConfig\IOT-Espressif-Android\AndroidManifest.xml:104:13-49
	android:name
		ADDED from WifiConfig\IOT-Espressif-Android\AndroidManifest.xml:103:13-76
activity#com.espressif.iot.ui.device.DevicePlugsActivity
ADDED from WifiConfig\IOT-Espressif-Android\AndroidManifest.xml:105:9-107:52
	android:screenOrientation
		ADDED from WifiConfig\IOT-Espressif-Android\AndroidManifest.xml:107:13-49
	android:name
		ADDED from WifiConfig\IOT-Espressif-Android\AndroidManifest.xml:106:13-75
activity#com.espressif.iot.ui.device.soundbox.DeviceSoundboxActivity
ADDED from WifiConfig\IOT-Espressif-Android\AndroidManifest.xml:108:9-110:52
	android:screenOrientation
		ADDED from WifiConfig\IOT-Espressif-Android\AndroidManifest.xml:110:13-49
	android:name
		ADDED from WifiConfig\IOT-Espressif-Android\AndroidManifest.xml:109:13-87
activity#com.espressif.iot.ui.device.DeviceRootRouterActivity
ADDED from WifiConfig\IOT-Espressif-Android\AndroidManifest.xml:111:9-113:52
	android:screenOrientation
		ADDED from WifiConfig\IOT-Espressif-Android\AndroidManifest.xml:113:13-49
	android:name
		ADDED from WifiConfig\IOT-Espressif-Android\AndroidManifest.xml:112:13-80
activity#com.espressif.iot.ui.device.timer.DeviceTimersActivity
ADDED from WifiConfig\IOT-Espressif-Android\AndroidManifest.xml:114:9-117:52
	android:screenOrientation
		ADDED from WifiConfig\IOT-Espressif-Android\AndroidManifest.xml:117:13-49
	android:label
		ADDED from WifiConfig\IOT-Espressif-Android\AndroidManifest.xml:116:13-53
	android:name
		ADDED from WifiConfig\IOT-Espressif-Android\AndroidManifest.xml:115:13-82
activity#com.espressif.iot.ui.device.timer.DevicePlugFixedTimeTimerEditActivity
ADDED from WifiConfig\IOT-Espressif-Android\AndroidManifest.xml:118:9-120:52
	android:screenOrientation
		ADDED from WifiConfig\IOT-Espressif-Android\AndroidManifest.xml:120:13-49
	android:name
		ADDED from WifiConfig\IOT-Espressif-Android\AndroidManifest.xml:119:13-98
activity#com.espressif.iot.ui.device.timer.DevicePlugLoopInWeekTimerEditActivity
ADDED from WifiConfig\IOT-Espressif-Android\AndroidManifest.xml:121:9-123:52
	android:screenOrientation
		ADDED from WifiConfig\IOT-Espressif-Android\AndroidManifest.xml:123:13-49
	android:name
		ADDED from WifiConfig\IOT-Espressif-Android\AndroidManifest.xml:122:13-99
activity#com.espressif.iot.ui.device.timer.DevicePlugLoopPeriodTimerEditActivity
ADDED from WifiConfig\IOT-Espressif-Android\AndroidManifest.xml:124:9-126:52
	android:screenOrientation
		ADDED from WifiConfig\IOT-Espressif-Android\AndroidManifest.xml:126:13-49
	android:name
		ADDED from WifiConfig\IOT-Espressif-Android\AndroidManifest.xml:125:13-99
activity#com.espressif.iot.ui.device.timer.DevicePlugsFixedTimeTimerEditActivity
ADDED from WifiConfig\IOT-Espressif-Android\AndroidManifest.xml:127:9-129:52
	android:screenOrientation
		ADDED from WifiConfig\IOT-Espressif-Android\AndroidManifest.xml:129:13-49
	android:name
		ADDED from WifiConfig\IOT-Espressif-Android\AndroidManifest.xml:128:13-99
activity#com.espressif.iot.ui.device.timer.DevicePlugsLoopInWeekTimerEditActivity
ADDED from WifiConfig\IOT-Espressif-Android\AndroidManifest.xml:130:9-132:52
	android:screenOrientation
		ADDED from WifiConfig\IOT-Espressif-Android\AndroidManifest.xml:132:13-49
	android:name
		ADDED from WifiConfig\IOT-Espressif-Android\AndroidManifest.xml:131:13-100
activity#com.espressif.iot.ui.device.timer.DevicePlugsLoopPeriodTimerEditActivity
ADDED from WifiConfig\IOT-Espressif-Android\AndroidManifest.xml:133:9-135:52
	android:screenOrientation
		ADDED from WifiConfig\IOT-Espressif-Android\AndroidManifest.xml:135:13-49
	android:name
		ADDED from WifiConfig\IOT-Espressif-Android\AndroidManifest.xml:134:13-100
activity#com.espressif.iot.ui.configure.DeviceEspTouchActivity
ADDED from WifiConfig\IOT-Espressif-Android\AndroidManifest.xml:136:9-138:52
	android:screenOrientation
		ADDED from WifiConfig\IOT-Espressif-Android\AndroidManifest.xml:138:13-49
	android:name
		ADDED from WifiConfig\IOT-Espressif-Android\AndroidManifest.xml:137:13-81
activity#com.espressif.iot.logintool.EspLoginHelpActivity
ADDED from WifiConfig\IOT-Espressif-Android\AndroidManifest.xml:139:9-141:75
	android:theme
		ADDED from WifiConfig\IOT-Espressif-Android\AndroidManifest.xml:141:13-72
	android:name
		ADDED from WifiConfig\IOT-Espressif-Android\AndroidManifest.xml:140:13-76
activity#com.tencent.tauth.AuthActivity
ADDED from WifiConfig\IOT-Espressif-Android\AndroidManifest.xml:142:9-154:20
	android:launchMode
		ADDED from WifiConfig\IOT-Espressif-Android\AndroidManifest.xml:144:13-44
	android:noHistory
		ADDED from WifiConfig\IOT-Espressif-Android\AndroidManifest.xml:145:13-37
	android:name
		ADDED from WifiConfig\IOT-Espressif-Android\AndroidManifest.xml:143:13-58
intent-filter#android.intent.action.VIEW+android.intent.category.BROWSABLE+android.intent.category.DEFAULT
ADDED from WifiConfig\IOT-Espressif-Android\AndroidManifest.xml:146:13-153:29
action#android.intent.action.VIEW
ADDED from WifiConfig\IOT-Espressif-Android\AndroidManifest.xml:147:17-69
	android:name
		ADDED from WifiConfig\IOT-Espressif-Android\AndroidManifest.xml:147:25-66
category#android.intent.category.DEFAULT
ADDED from WifiConfig\IOT-Espressif-Android\AndroidManifest.xml:149:17-76
	android:name
		ADDED from WifiConfig\IOT-Espressif-Android\AndroidManifest.xml:149:27-73
category#android.intent.category.BROWSABLE
ADDED from WifiConfig\IOT-Espressif-Android\AndroidManifest.xml:150:17-78
	android:name
		ADDED from WifiConfig\IOT-Espressif-Android\AndroidManifest.xml:150:27-75
data
ADDED from WifiConfig\IOT-Espressif-Android\AndroidManifest.xml:152:17-60
	android:scheme
		ADDED from WifiConfig\IOT-Espressif-Android\AndroidManifest.xml:152:23-57
activity#com.tencent.connect.common.AssistActivity
ADDED from WifiConfig\IOT-Espressif-Android\AndroidManifest.xml:155:9-159:75
	android:screenOrientation
		ADDED from WifiConfig\IOT-Espressif-Android\AndroidManifest.xml:158:13-47
	android:configChanges
		ADDED from WifiConfig\IOT-Espressif-Android\AndroidManifest.xml:157:13-63
	android:theme
		ADDED from WifiConfig\IOT-Espressif-Android\AndroidManifest.xml:159:13-72
	android:name
		ADDED from WifiConfig\IOT-Espressif-Android\AndroidManifest.xml:156:13-69
activity#com.espressif.iot.ui.configure.EspButtonConfigureActivity
ADDED from WifiConfig\IOT-Espressif-Android\AndroidManifest.xml:160:9-162:52
	android:screenOrientation
		ADDED from WifiConfig\IOT-Espressif-Android\AndroidManifest.xml:162:13-49
	android:name
		ADDED from WifiConfig\IOT-Espressif-Android\AndroidManifest.xml:161:13-85
activity#com.espressif.iot.ui.configure.EspButtonCustomKeySettingsActivity
ADDED from WifiConfig\IOT-Espressif-Android\AndroidManifest.xml:163:9-165:52
	android:screenOrientation
		ADDED from WifiConfig\IOT-Espressif-Android\AndroidManifest.xml:165:13-49
	android:name
		ADDED from WifiConfig\IOT-Espressif-Android\AndroidManifest.xml:164:13-93
activity#com.espressif.iot.ui.device.trigger.DeviceTriggerActivity
ADDED from WifiConfig\IOT-Espressif-Android\AndroidManifest.xml:166:9-168:52
	android:screenOrientation
		ADDED from WifiConfig\IOT-Espressif-Android\AndroidManifest.xml:168:13-49
	android:name
		ADDED from WifiConfig\IOT-Espressif-Android\AndroidManifest.xml:167:13-85
service#com.espressif.iot.esppush.EspPushService
ADDED from WifiConfig\IOT-Espressif-Android\AndroidManifest.xml:170:9-76
	android:name
		ADDED from WifiConfig\IOT-Espressif-Android\AndroidManifest.xml:170:18-73